Compiling the C compiler identification source file "CMakeCCompilerId.c" failed.
Compiler: /usr/bin/arm-none-eabi-gcc 
Build flags: ;
Id flags:  

The output was:
1
/usr/lib/gcc/arm-none-eabi/11.2.0/../../../../arm-none-eabi/bin/ld: /usr/lib/gcc/arm-none-eabi/11.2.0/../../../../arm-none-eabi/lib/libc.a(lib_a-exit.o): in function `exit':
exit.c:(.text.exit+0x2c): undefined reference to `_exit'
collect2: error: ld returned 1 exit status


Compiling the CXX compiler identification source file "CMakeCXXCompilerId.cpp" failed.
Compiler: /usr/bin/arm-none-eabi-g++ 
Build flags: ;
Id flags:  

The output was:
1
/usr/lib/gcc/arm-none-eabi/11.2.0/../../../../arm-none-eabi/bin/ld: /usr/lib/gcc/arm-none-eabi/11.2.0/../../../../arm-none-eabi/lib/libc.a(lib_a-exit.o): in function `exit':
exit.c:(.text.exit+0x2c): undefined reference to `_exit'
collect2: error: ld returned 1 exit status


Detecting C compiler ABI info failed to compile with the following output:
Change Dir: /home/ankit/mbed-workspace/workspaces/TR-mbed6/build/CMakeFiles/CMakeTmp

Run Build Command(s):/usr/bin/ninja cmTC_8b91c && [1/2] Building C object CMakeFiles/cmTC_8b91c.dir/CMakeCCompilerABI.c.obj
Using built-in specs.
COLLECT_GCC=/usr/bin/arm-none-eabi-gcc
Target: arm-none-eabi
Configured with: /build/arm-none-eabi-gcc/src/gcc-11.2.0/configure --target=arm-none-eabi --prefix=/usr --with-sysroot=/usr/arm-none-eabi --with-native-system-header-dir=/include --libexecdir=/usr/lib --enable-languages=c,c++ --enable-plugins --disable-decimal-float --disable-libffi --disable-libgomp --disable-libmudflap --disable-libquadmath --disable-libssp --disable-libstdcxx-pch --disable-nls --disable-shared --disable-threads --disable-tls --with-gnu-as --with-gnu-ld --with-system-zlib --with-newlib --with-headers=/usr/arm-none-eabi/include --with-python-dir=share/gcc-arm-none-eabi --with-gmp --with-mpfr --with-mpc --with-isl --with-libelf --enable-gnu-indirect-function --with-host-libstdcxx='-static-libgcc -Wl,-Bstatic,-lstdc++,-Bdynamic -lm' --with-pkgversion='Arch Repository' --with-bugurl=https://bugs.archlinux.org/ --with-multilib-list=rmprofile
Thread model: single
Supported LTO compression algorithms: zlib zstd
gcc version 11.2.0 (Arch Repository) 
COLLECT_GCC_OPTIONS='-v' '-o' 'CMakeFiles/cmTC_8b91c.dir/CMakeCCompilerABI.c.obj' '-c' '-mcpu=arm7tdmi' '-mfloat-abi=soft' '-marm' '-mlibarch=armv4t' '-march=armv4t' '-dumpdir' 'CMakeFiles/cmTC_8b91c.dir/'
 /usr/lib/gcc/arm-none-eabi/11.2.0/cc1 -quiet -v -D__USES_INITFINI__ /usr/share/cmake/Modules/CMakeCCompilerABI.c -quiet -dumpdir CMakeFiles/cmTC_8b91c.dir/ -dumpbase CMakeCCompilerABI.c.c -dumpbase-ext .c -mcpu=arm7tdmi -mfloat-abi=soft -marm -mlibarch=armv4t -march=armv4t -version -o /tmp/cccUkhUI.s
GNU C17 (Arch Repository) version 11.2.0 (arm-none-eabi)
	compiled by GNU C version 11.1.0, GMP version 6.2.1, MPFR version 4.1.0, MPC version 1.2.1, isl version isl-0.24-GMP

warning: MPFR header version 4.1.0 differs from library version 4.1.0-p13.
GGC heuristics: --param ggc-min-expand=100 --param ggc-min-heapsize=131072
ignoring nonexistent directory "/usr/arm-none-eabi/usr/local/include"
ignoring duplicate directory "/usr/arm-none-eabi/include"
#include "..." search starts here:
#include <...> search starts here:
 /usr/lib/gcc/arm-none-eabi/11.2.0/include
 /usr/lib/gcc/arm-none-eabi/11.2.0/include-fixed
 /usr/lib/gcc/arm-none-eabi/11.2.0/../../../../arm-none-eabi/include
End of search list.
GNU C17 (Arch Repository) version 11.2.0 (arm-none-eabi)
	compiled by GNU C version 11.1.0, GMP version 6.2.1, MPFR version 4.1.0, MPC version 1.2.1, isl version isl-0.24-GMP

warning: MPFR header version 4.1.0 differs from library version 4.1.0-p13.
GGC heuristics: --param ggc-min-expand=100 --param ggc-min-heapsize=131072
Compiler executable checksum: 07f05911723e9496fe499cfe8412f071
COLLECT_GCC_OPTIONS='-v' '-o' 'CMakeFiles/cmTC_8b91c.dir/CMakeCCompilerABI.c.obj' '-c' '-mcpu=arm7tdmi' '-mfloat-abi=soft' '-marm' '-mlibarch=armv4t' '-march=armv4t' '-dumpdir' 'CMakeFiles/cmTC_8b91c.dir/'
 /usr/lib/gcc/arm-none-eabi/11.2.0/../../../../arm-none-eabi/bin/as -v -march=armv4t -mfloat-abi=soft -meabi=5 -o CMakeFiles/cmTC_8b91c.dir/CMakeCCompilerABI.c.obj /tmp/cccUkhUI.s
GNU assembler version 2.37 (arm-none-eabi) using BFD version (GNU Binutils) 2.37
COMPILER_PATH=/usr/lib/gcc/arm-none-eabi/11.2.0/:/usr/lib/gcc/arm-none-eabi/11.2.0/:/usr/lib/gcc/arm-none-eabi/:/usr/lib/gcc/arm-none-eabi/11.2.0/:/usr/lib/gcc/arm-none-eabi/:/usr/lib/gcc/arm-none-eabi/11.2.0/../../../../arm-none-eabi/bin/
LIBRARY_PATH=/usr/lib/gcc/arm-none-eabi/11.2.0/:/usr/lib/gcc/arm-none-eabi/11.2.0/../../../../arm-none-eabi/lib/:/usr/arm-none-eabi/lib/
COLLECT_GCC_OPTIONS='-v' '-o' 'CMakeFiles/cmTC_8b91c.dir/CMakeCCompilerABI.c.obj' '-c' '-mcpu=arm7tdmi' '-mfloat-abi=soft' '-marm' '-mlibarch=armv4t' '-march=armv4t' '-dumpdir' 'CMakeFiles/cmTC_8b91c.dir/CMakeCCompilerABI.c.'
[2/2] Linking C executable cmTC_8b91c
FAILED: cmTC_8b91c 
: && /usr/bin/arm-none-eabi-gcc  -v CMakeFiles/cmTC_8b91c.dir/CMakeCCompilerABI.c.obj -o cmTC_8b91c   && :
Using built-in specs.
COLLECT_GCC=/usr/bin/arm-none-eabi-gcc
COLLECT_LTO_WRAPPER=/usr/lib/gcc/arm-none-eabi/11.2.0/lto-wrapper
Target: arm-none-eabi
Configured with: /build/arm-none-eabi-gcc/src/gcc-11.2.0/configure --target=arm-none-eabi --prefix=/usr --with-sysroot=/usr/arm-none-eabi --with-native-system-header-dir=/include --libexecdir=/usr/lib --enable-languages=c,c++ --enable-plugins --disable-decimal-float --disable-libffi --disable-libgomp --disable-libmudflap --disable-libquadmath --disable-libssp --disable-libstdcxx-pch --disable-nls --disable-shared --disable-threads --disable-tls --with-gnu-as --with-gnu-ld --with-system-zlib --with-newlib --with-headers=/usr/arm-none-eabi/include --with-python-dir=share/gcc-arm-none-eabi --with-gmp --with-mpfr --with-mpc --with-isl --with-libelf --enable-gnu-indirect-function --with-host-libstdcxx='-static-libgcc -Wl,-Bstatic,-lstdc++,-Bdynamic -lm' --with-pkgversion='Arch Repository' --with-bugurl=https://bugs.archlinux.org/ --with-multilib-list=rmprofile
Thread model: single
Supported LTO compression algorithms: zlib zstd
gcc version 11.2.0 (Arch Repository) 
COMPILER_PATH=/usr/lib/gcc/arm-none-eabi/11.2.0/:/usr/lib/gcc/arm-none-eabi/11.2.0/:/usr/lib/gcc/arm-none-eabi/:/usr/lib/gcc/arm-none-eabi/11.2.0/:/usr/lib/gcc/arm-none-eabi/:/usr/lib/gcc/arm-none-eabi/11.2.0/../../../../arm-none-eabi/bin/
LIBRARY_PATH=/usr/lib/gcc/arm-none-eabi/11.2.0/:/usr/lib/gcc/arm-none-eabi/11.2.0/../../../../arm-none-eabi/lib/:/usr/arm-none-eabi/lib/
COLLECT_GCC_OPTIONS='-v' '-o' 'cmTC_8b91c' '-mcpu=arm7tdmi' '-mfloat-abi=soft' '-marm' '-mlibarch=armv4t' '-march=armv4t' '-dumpdir' 'cmTC_8b91c.'
 /usr/lib/gcc/arm-none-eabi/11.2.0/collect2 -plugin /usr/lib/gcc/arm-none-eabi/11.2.0/liblto_plugin.so -plugin-opt=/usr/lib/gcc/arm-none-eabi/11.2.0/lto-wrapper -plugin-opt=-fresolution=/tmp/ccaRPfP2.res -plugin-opt=-pass-through=-lgcc -plugin-opt=-pass-through=-lc --sysroot=/usr/arm-none-eabi -X -o cmTC_8b91c /usr/lib/gcc/arm-none-eabi/11.2.0/crti.o /usr/lib/gcc/arm-none-eabi/11.2.0/crtbegin.o /usr/lib/gcc/arm-none-eabi/11.2.0/../../../../arm-none-eabi/lib/crt0.o -L/usr/lib/gcc/arm-none-eabi/11.2.0 -L/usr/lib/gcc/arm-none-eabi/11.2.0/../../../../arm-none-eabi/lib -L/usr/arm-none-eabi/lib CMakeFiles/cmTC_8b91c.dir/CMakeCCompilerABI.c.obj --start-group -lgcc -lc --end-group /usr/lib/gcc/arm-none-eabi/11.2.0/crtend.o /usr/lib/gcc/arm-none-eabi/11.2.0/crtn.o
/usr/lib/gcc/arm-none-eabi/11.2.0/../../../../arm-none-eabi/bin/ld: /usr/lib/gcc/arm-none-eabi/11.2.0/../../../../arm-none-eabi/lib/libc.a(lib_a-exit.o): in function `exit':
exit.c:(.text.exit+0x2c): undefined reference to `_exit'
collect2: error: ld returned 1 exit status
ninja: build stopped: subcommand failed.




Determining if the C compiler works failed with the following output:
Change Dir: /home/ankit/mbed-workspace/workspaces/TR-mbed6/build/CMakeFiles/CMakeTmp

Run Build Command(s):/usr/bin/ninja cmTC_8ef14 && [1/2] Building C object CMakeFiles/cmTC_8ef14.dir/testCCompiler.c.obj
[2/2] Linking C executable cmTC_8ef14
FAILED: cmTC_8ef14 
: && /usr/bin/arm-none-eabi-gcc   CMakeFiles/cmTC_8ef14.dir/testCCompiler.c.obj -o cmTC_8ef14   && :
/usr/lib/gcc/arm-none-eabi/11.2.0/../../../../arm-none-eabi/bin/ld: /usr/lib/gcc/arm-none-eabi/11.2.0/../../../../arm-none-eabi/lib/libc.a(lib_a-exit.o): in function `exit':
exit.c:(.text.exit+0x2c): undefined reference to `_exit'
collect2: error: ld returned 1 exit status
ninja: build stopped: subcommand failed.



